# JRE version: Java(TM) SE Runtime Environment (17.0.2+8) (build 17.0.2+8-LTS-86)
# Java VM: Java HotSpot(TM) 64-Bit Server VM (17.0.2+8-LTS-86, mixed mode, sharing, tiered, compressed oops, compressed class ptrs, g1 gc, windows-amd64)
GC Precious Log:
 CPUs: 8 total, 8 available
 Memory: 16151M
 Large Page Support: Disabled
 NUMA Support: Disabled
 Compressed Oops: Enabled (Zero based)
 Heap Region Size: 2M
 Heap Min Capacity: 8M
 Heap Initial Capacity: 254M
 Heap Max Capacity: 4038M
 Pre-touch: Disabled
 Parallel Workers: 8
 Concurrent Workers: 2
 Concurrent Refinement Workers: 8
 Periodic GC: Disabled
Heap:
 garbage-first heap   total 260096K, used 126513K [0x0000000703a00000, 0x0000000800000000)
  region size 2048K, 3 young (6144K), 3 survivors (6144K)
 Metaspace       used 894K, committed 1024K, reserved 1056768K
  class space    used 64K, committed 128K, reserved 1048576K
GC Heap History (9 events):
Event: 0.343 GC heap before
{Heap before GC invocations=0 (full 0):
 garbage-first heap   total 260096K, used 22528K [0x0000000703a00000, 0x0000000800000000)
  region size 2048K, 11 young (22528K), 0 survivors (0K)
 Metaspace       used 887K, committed 1024K, reserved 1056768K
  class space    used 64K, committed 128K, reserved 1048576K
}
Event: 0.350 GC heap after
{Heap after GC invocations=1 (full 0):
 garbage-first heap   total 260096K, used 17216K [0x0000000703a00000, 0x0000000800000000)
  region size 2048K, 2 young (4096K), 2 survivors (4096K)
 Metaspace       used 887K, committed 1024K, reserved 1056768K
  class space    used 64K, committed 128K, reserved 1048576K
}
Event: 0.383 GC heap before
{Heap before GC invocations=1 (full 0):
 garbage-first heap   total 260096K, used 29504K [0x0000000703a00000, 0x0000000800000000)
  region size 2048K, 8 young (16384K), 2 survivors (4096K)
 Metaspace       used 890K, committed 1024K, reserved 1056768K
  class space    used 64K, committed 128K, reserved 1048576K
}
Event: 0.387 GC heap after
{Heap after GC invocations=2 (full 0):
 garbage-first heap   total 260096K, used 29533K [0x0000000703a00000, 0x0000000800000000)
  region size 2048K, 1 young (2048K), 1 survivors (2048K)
 Metaspace       used 890K, committed 1024K, reserved 1056768K
  class space    used 64K, committed 128K, reserved 1048576K
}
Event: 0.421 GC heap before
{Heap before GC invocations=2 (full 0):
 garbage-first heap   total 260096K, used 52061K [0x0000000703a00000, 0x0000000800000000)
  region size 2048K, 13 young (26624K), 1 survivors (2048K)
 Metaspace       used 890K, committed 1024K, reserved 1056768K
  class space    used 64K, committed 128K, reserved 1048576K
}
Event: 0.428 GC heap after
{Heap after GC invocations=3 (full 0):
 garbage-first heap   total 260096K, used 52514K [0x0000000703a00000, 0x0000000800000000)
  region size 2048K, 2 young (4096K), 2 survivors (4096K)
 Metaspace       used 890K, committed 1024K, reserved 1056768K
  class space    used 64K, committed 128K, reserved 1048576K
}
Event: 0.492 GC heap before
{Heap before GC invocations=3 (full 0):
 garbage-first heap   total 260096K, used 85282K [0x0000000703a00000, 0x0000000800000000)
  region size 2048K, 17 young (34816K), 2 survivors (4096K)
 Metaspace       used 894K, committed 1024K, reserved 1056768K
  class space    used 64K, committed 128K, reserved 1048576K
}
Event: 0.503 GC heap after
{Heap after GC invocations=4 (full 0):
 garbage-first heap   total 260096K, used 83968K [0x0000000703a00000, 0x0000000800000000)
  region size 2048K, 3 young (6144K), 3 survivors (6144K)
 Metaspace       used 894K, committed 1024K, reserved 1056768K
  class space    used 64K, committed 128K, reserved 1048576K
}
Event: 0.600 GC heap before
{Heap before GC invocations=4 (full 0):
 garbage-first heap   total 260096K, used 126976K [0x0000000703a00000, 0x0000000800000000)
  region size 2048K, 22 young (45056K), 3 survivors (6144K)
 Metaspace       used 894K, committed 1024K, reserved 1056768K
  class space    used 64K, committed 128K, reserved 1048576K
}

