# JRE version: Java(TM) SE Runtime Environment (17.0.2+8) (build 17.0.2+8-LTS-86)
# Java VM: Java HotSpot(TM) 64-Bit Server VM (17.0.2+8-LTS-86, mixed mode, sharing, tiered, compressed oops, compressed class ptrs, g1 gc, windows-amd64)
GC Precious Log:
 CPUs: 8 total, 8 available
 Memory: 16151M
 Large Page Support: Disabled
 NUMA Support: Disabled
 Compressed Oops: Enabled (Zero based)
 Heap Region Size: 2M
 Heap Min Capacity: 8M
 Heap Initial Capacity: 254M
 Heap Max Capacity: 4038M
 Pre-touch: Disabled
 Parallel Workers: 8
 Concurrent Workers: 2
 Concurrent Refinement Workers: 8
 Periodic GC: Disabled
Heap:
 garbage-first heap   total 260096K, used 102745K [0x0000000703a00000, 0x0000000800000000)
  region size 2048K, 1 young (2048K), 1 survivors (2048K)
 Metaspace       used 923K, committed 1152K, reserved 1056768K
  class space    used 72K, committed 192K, reserved 1048576K
GC Heap History (9 events):
Event: 0.199 GC heap before
{Heap before GC invocations=0 (full 0):
 garbage-first heap   total 260096K, used 20480K [0x0000000703a00000, 0x0000000800000000)
  region size 2048K, 11 young (22528K), 0 survivors (0K)
 Metaspace       used 910K, committed 1088K, reserved 1056768K
  class space    used 70K, committed 192K, reserved 1048576K
}
Event: 0.204 GC heap after
{Heap after GC invocations=1 (full 0):
 garbage-first heap   total 260096K, used 18987K [0x0000000703a00000, 0x0000000800000000)
  region size 2048K, 2 young (4096K), 2 survivors (4096K)
 Metaspace       used 910K, committed 1088K, reserved 1056768K
  class space    used 70K, committed 192K, reserved 1048576K
}
Event: 0.236 GC heap before
{Heap before GC invocations=1 (full 0):
 garbage-first heap   total 260096K, used 31275K [0x0000000703a00000, 0x0000000800000000)
  region size 2048K, 8 young (16384K), 2 survivors (4096K)
 Metaspace       used 911K, committed 1088K, reserved 1056768K
  class space    used 70K, committed 192K, reserved 1048576K
}
Event: 0.240 GC heap after
{Heap after GC invocations=2 (full 0):
 garbage-first heap   total 260096K, used 31697K [0x0000000703a00000, 0x0000000800000000)
  region size 2048K, 1 young (2048K), 1 survivors (2048K)
 Metaspace       used 911K, committed 1088K, reserved 1056768K
  class space    used 70K, committed 192K, reserved 1048576K
}
Event: 0.283 GC heap before
{Heap before GC invocations=2 (full 0):
 garbage-first heap   total 260096K, used 54225K [0x0000000703a00000, 0x0000000800000000)
  region size 2048K, 13 young (26624K), 1 survivors (2048K)
 Metaspace       used 914K, committed 1088K, reserved 1056768K
  class space    used 71K, committed 192K, reserved 1048576K
}
Event: 0.289 GC heap after
{Heap after GC invocations=3 (full 0):
 garbage-first heap   total 260096K, used 55058K [0x0000000703a00000, 0x0000000800000000)
  region size 2048K, 2 young (4096K), 2 survivors (4096K)
 Metaspace       used 914K, committed 1088K, reserved 1056768K
  class space    used 71K, committed 192K, reserved 1048576K
}
Event: 0.458 GC heap before
{Heap before GC invocations=3 (full 0):
 garbage-first heap   total 260096K, used 116498K [0x0000000703a00000, 0x0000000800000000)
  region size 2048K, 16 young (32768K), 2 survivors (4096K)
 Metaspace       used 922K, committed 1152K, reserved 1056768K
  class space    used 71K, committed 192K, reserved 1048576K
}
Event: 0.465 GC heap after
{Heap after GC invocations=4 (full 0):
 garbage-first heap   total 260096K, used 87849K [0x0000000703a00000, 0x0000000800000000)
  region size 2048K, 2 young (4096K), 2 survivors (4096K)
 Metaspace       used 922K, committed 1152K, reserved 1056768K
  class space    used 71K, committed 192K, reserved 1048576K
}
Event: 0.496 GC heap before
{Heap before GC invocations=4 (full 0):
 garbage-first heap   total 260096K, used 118569K [0x0000000703a00000, 0x0000000800000000)
  region size 2048K, 4 young (8192K), 2 survivors (4096K)
 Metaspace       used 923K, committed 1152K, reserved 1056768K
  class space    used 72K, committed 192K, reserved 1048576K
}

